[OK] ID 1 - 6e1fc6232117d668fe62c2ddf90e6f2f54870bffa3a6e7f4e4f85a8f-ea01-410d-9491-60a1e8596f31
[OK] ID 2 - d15ef5832fdc66076aefda285ad616f07077da1a5a03a2b8b09e7713-58c2-45a3-8038-b35cc3322706
[OK] ID 3 - a6294d2cbf574718a5b25f76b408afc66df3cd9e468ff67c7d84df57-c546-4b30-b934-35c171f3af57
[OK] ID 4 - 9771824b8db87a9b9f21cc388214437be0e73adb29a2f1876a07eaf9-8834-4cf8-8a7a-ab3987424d77
[OK] ID 5 - eacdf1075ab705babfd88d73818db58fc24c8487154a1fe91da7f7b7-6dda-4484-9e24-b302af744775
[OK] ID 6 - 61dd66536cc56c253618ea4153d530973fae8d0ae5fc6db3dc63938d-a3f9-4549-93b8-4e882d81b255
[OK] ID 7 - 2c9bb75a50a4917511b7a153cce3f22109e83333e3c170d5be6fd968-2073-40c6-bb4c-96aaace57ef0
[OK] ID 8 - 0a874f16d6ea29b710e8d1babd0f832e712340dc50bb31afnone
[OK] ID 9 - 28a5254ad742ad50edd4fc647318890366d97dcc878e2ed5c4b69a91-d19b-4f11-8cf4-36983fc8b619
[OK] ID 10 - c6d3c78fe1b25f0adb02483dab86d3ad7d7ae4d780768136146e9620-94ff-4115-840b-19bca1508c09
[OK] ID 11 - c083d6bf9f06734d9e014355bcaf9d8e450db153de8f2c002e68a0e0-11b9-4803-b6ba-6cf6ffab4171
[OK] ID 12 - ede5adbbe53694cb135d126d84d07c3a5246ce10e9488966da57ca81-1da9-40e7-a305-71358c7ff385
[OK] ID 13 - 593a3d08104d539e5f4471535cf0cccab20c98aedd5aa5d7fef39524-4b69-4fc2-87ee-fc1cd9058629
[OK] ID 14 - a53949a5acdf7f91174af53cdab0c97fb69dc16f514749ccb19f5b1f-823c-4843-825a-45674281f276
[OK] ID 15 - c29e850a3909810e9f0016e8d335c67944a037a9ff39980cbda1bc08-07aa-409b-ac00-a5fff650c362
[OK] ID 16 - fe0cd2a8b7766163daac3a5d1c956203c316bd5e94dffa0d011eb3c0-bd43-4fda-abe1-068ad028df67
[OK] ID 17 - 6e0933b7212e55aa16968c14aa8e96fe3826539701d2fbb918ebc313-7cf9-42e6-ae0b-53305c7b21ea
[OK] ID 18 - df8a54429c34974c568f8a22d43a3c7b364400e8f720d867203c0f60-7900-429d-a05a-a43d04ff3d2b
[OK] ID 19 - 24e5065f8c9377392100e5ae1d325b7f306a8e0fcfed9d36a24a79d6-0211-4035-8e3f-a0d21273ba09
[OK] ID 20 - e023ec6e4afe339df8945f1951e9052acc76f6ea7df48f5d53fd006e-ef31-468c-a5c5-7a398eec886e
[OK] ID 21 - aeae9aeb6d3e88c2f05752c0f6d83a4ef6af4baff98a620b13d60148-6061-47bb-a3bb-8c58451166e8
[OK] ID 22 - bd59c665c9bd7751d1f723716131486ac16d93b6df14649184e0d844-e9c7-4100-91e8-99d56c08847b
[OK] ID 23 - 5421618a8ee466e0e166de638d1e29ad6bc2265dd50b7a54a874bd81-bf65-4fc0-98e4-5c8b52e7dadd
[OK] ID 24 - 0ff45f9a1a5f403f24adc351e59fc61b68ef15500059a07ddb02d734-be8a-4410-9027-b10f57cb7f12
[OK] ID 25 - cebf5cc1ab06512b59b6bfc1bb96443414657f8168f9c9f28452c86b-3a50-4ba0-b385-5cf4448ae933
[OK] ID 26 - 2092e772821acee6437e97d35ed17a05de2c47f2ff04fc62fc169bf2-d7af-4f97-834a-63cdca886aa7
[OK] ID 27 - 9bba1660a7023e4b5812da6cd74e2843a1e8bbc1e715c7bcb88f70b9-2e4f-4f2b-8328-6b1448027d82
[OK] ID 28 - 803fbf21d72e762c876602af0408c9fe02d3e6aab07a4d60100ace77-210e-46c7-8461-7b347040beae
[OK] ID 29 - f99164f51d2eb735f385b497e9737b7e96def0fa7d32b2712dd94e1f-245e-4072-bf57-dc106724efd0
[OK] ID 30 - 9c5a417189dbb6f2731f390662d0a4c4d95be2864dd0acfa10cca41d-6687-4f3f-91ec-365242b558e7
[OK] ID 31 - ddcd95c95f17c3e5505986d97eaff1a37cad4f30d7fa6b6341bf4c70-470a-4d77-9c6e-dfe30fb06031
[OK] ID 32 - b5e1b044f8a7471d9fbd51c16c04fb2858e2702037453480affce9cb-9f3f-4d0b-8855-0241dcd52f51
[OK] ID 33 - d93958a6695ce248f2e85d374112dad2cffe9d4f90c0f7a65f4acc63-c674-4673-87c9-a4938594e877
[OK] ID 34 - 007625e7cee411637d56b183e3d597377de4ce445f977fc6e3bff141-d924-43e7-842e-244610b0a0b0
[OK] ID 35 - 440ea6501f3a8d4f63f0572c81b6a9770f1cbc99d5436b4c9b36a7ab-644e-49f7-863f-fb24016b5f2a
[OK] ID 36 - 75809bb420bbbb677d41c17b542bc788ab9e092e8b137f62aa8ac197-ac30-4489-86c6-afb05b24a87a
[OK] ID 37 - 84e3657691b8bc905404c5630f3bde8a82798739bb6015024acc7298-2dfc-440a-9c4c-e373ba9377c8
[OK] ID 38 - f17951d2010f1288c0f639fb48c388a8b9f4db2fc0aab7a1dac9a852-abdf-4926-acba-2c0c14317313
[OK] ID 39 - 679f5d6c0c503e06275f611f4b5072602d7471770b1bbdb286a96356-ae17-4b3c-a7e2-3c0c2ac44d4e
[OK] ID 40 - 72c78ff8cdbbb53c07a92a925d17e0d41e5ef4ef3c770974c65e6407-fbc4-4faa-b15b-8ff3fa8e412e
[OK] ID 41 - f1ec9aa83b57844b1da500aac91b5e9135a0944fba7c8badf73a723d-b906-4ea1-bdb8-1a70b3300fb1
[OK] ID 42 - 0b9e597e086b5b755a981344c78f8dfd89d2f7b7c4d8649cnone
[OK] ID 43 - 9127dbad964ed312fef2aafbd645850dd148372f8b1168482ecf6593-6954-43e0-8a32-ffbd822f7a04
[OK] ID 44 - a9a3cc2de3abe86c7e50496dd0ed556f5213a30cb0fa4d09b94e19fa-0681-4fed-a897-43b3050d407b
[OK] ID 45 - 8af48e75d61775da10735fb26669680b31ba365a0316deee510cdd4d-98ab-4c3f-a3fd-efd8fb7a9d2b
[OK] ID 46 - f77c9bb04bf19c25622011f5a5e42ecf5a11f72fcbf064264b94a47-d59c-4249-9725-bfd7d719df61
[OK] ID 47 - 848c58bfe0bf8cb456d192c90425b4332aad67c6f0aa6e32e5be893d-2e43-4525-b34f-1fb620d6f8b0
[OK] ID 48 - 44c4b185c3ae2b0fc55f77cf8d9f27d38c73bfd3b1c8bd319af40ea3-4ce4-40af-ab11-88d52e384ce7
[OK] ID 49 - cd9e459ea708a948d5c2f5a6ca8838cf31ba365a0316deee510cdd4d-98ab-4c3f-a3fd-efd8fb7a9d2b
[OK] ID 50 - 8bb2203c07253896fdfbb421fa8bbb3f3bf06829fd40b531bfc72599-8162-4b01-90b9-49ee006ec671
[OK] ID 51 - 09b53c7c20d5ed1996895947e280a3dbe29e04d713fd19d919321ecd-8ac5-4b7d-8b03-394d6f855b6e
[OK] ID 52 - ecfd71ad09ae47663fabcaec9352c36c7ff4a239b07e24351c231e7e-73a0-4731-9306-d23f569a29c4
[OK] ID 53 - 79d03ce7adaa023bda83abdf66a350a7a6a0bcb45de4ce2779057afb-f9dc-42a8-9e37-18a03359462d
[OK] ID 54 - 7c0863f9294b1504c14e6e287b1c1cbafdc116e6f0aef92a147b32d7-2a24-41ef-bfa6-454d61297c73
[OK] ID 55 - 960a61c50f9cdd568ab5bf282a6af5452bdb32b82fc0e90b06fc03c6-c143-45df-a816-4009d18f697a
[OK] ID 56 - 9c4f802752801ad8760397045773e6eb6cae7f2f7916bb4b30b188d1-db07-4a44-86cd-e06717e21680
[OK] ID 57 - a105b087124e2d5113335bb4736506ece6526ef0db15d6b73f8057af-4558-400e-bbb0-a701e84a9508
[OK] ID 58 - 7d359306a7abca09935c03abcdf42159f48f41f5136301a9e6c8a467-eeca-44f7-a680-a0fa2edcd371
[OK] ID 59 - 4290ee488b2f9b7ab33c6e40c040d2d27e602bcb762b949c956541bb-1287-4fcb-bf69-0820597c268c
[OK] ID 60 - b0c4f18fc7b98886ba8df07fb77c7cdc66dc25cbad02b1d4453534b4-3e43-408a-b0bf-1fbb4ab87d09
[OK] ID 61 - 36dde55125884a987b4824af687eb6ac828bc4cb29d8e0e1bb21e4a3-0b63-4be9-b80f-f3762f351a50
[OK] ID 62 - 29afe98eb03bfc689dad7b1c5a4c2c5f2aad9589399e53279c18449e-8f67-4a5c-a59f-81f45d42386f
[OK] ID 63 - c5aa6de73bc4ff13dbd409775626c6329d8ad4e173d6a27bdad8be6f-bad8-451b-b670-332aa37d71cd
[OK] ID 64 - 561ab28194435b9a9e8a952ff44dfcecab6c8278b236eb1bf8b51521-3299-4a48-988a-768b235fb563
[OK] ID 65 - 875feafbdd81473748ad3a74031877abdcd169c8a533924e61ccfee8-b32a-43d8-b294-629fde78867d
[OK] ID 66 - 615766010a3ee2bde00bb4fe5f7011b2df659171721cc93aa7d8b9a8-c264-471d-9f88-8f268a014b89
[OK] ID 67 - fd72208abb6b383ab8578876b9543edf9145815bdbf0fb1dbad145f3-c6d5-450e-b396-9217f3b1beea
[OK] ID 68 - f5debab782c17ac505c59f7899b79237cf34aca3f5c475d69e7e92ff-94f2-4aba-9c56-364bd059b418
[OK] ID 69 - c686fbd70d1f952d6fd557296345b0b0f1864f4e55407ce037b8f4eb-beb1-444e-a5e6-ddfa47670174
[OK] ID 70 - c78f1b5e81e3e9c49f8a0463fa15853c7878368fc7e8f06e9e21bdea-18ec-4c20-a0e6-4df220584db8
[OK] ID 71 - a951cef15e88ff31a35da3bcd91b85db02a72a4317954dc7none
[OK] ID 72 - 6000e3d8eb912510afa9ab8991a7a5cf15eb762892aa529268f6d2a3-e32b-441f-b676-00529786bbce
[OK] ID 73 - c2ff909601d7586010c0b112790e636f431c8c0734bae183b3a3b0e8-a38f-47d0-82d8-94e2cd82b401
[OK] ID 74 - 19c6b4cce3dd0ae7575167a49dfd5893e3fa6273cbda92e110e7c72f-d56b-4efc-a996-4b226cf5c81b
[OK] ID 75 - 98a4f0b84e660ecb747605cd9e860441727128abcda32b37b7719338-6c04-4cac-93b6-64a0cd698c13
[OK] ID 76 - d96a9366ff21136a4d28f5dae9852f533c1791e8a6f32b05ccb08cb9-0479-4306-a69c-d3bb01a32118
[OK] ID 77 - b8e59ed039f566c63ee4c7bef57380b28dae521d24851e3de1214308-2b0e-4e9f-8620-44916f5369b7
[OK] ID 78 - 6bea9a852b5df4bdcd510fbf020b23e37142c57c4c99ee43a61c4af-d647-4e77-aa86-d359409bb9c2
[OK] ID 79 - 1b6cb9617e3ec449ecd1c15b7e0d26148c15469adb0f95d13d099bcb-3b60-423a-b04d-11c47ef86515
[OK] ID 80 - d6418905f9925d58cc26fa65be0fe056256f327a9822911d178ea756-c37a-4bb3-afbe-a5cc8bd22a1f
[OK] ID 81 - becf417e4272f7eef256f2033844b121179db8aeb9bb466e7031fcd2-5ade-405a-a95e-9555676571c0
[OK] ID 82 - 1878b1c571a35f81c57b0b90d008d175cc29834e01472582c0a3b3da-74a8-4848-a6b4-f3b0eb38d6f3
[OK] ID 83 - 9cec0fb1ae8345c067fd11c82494724a91f3488b20b32f5750e497d5-9f08-460b-b08a-4f40e6b843a0
[OK] ID 84 - 6d633ea4b24ff2ba6dada7bf590f7a64d9fdaf3db6d8908d178c8316-0e12-4a4d-b0d4-d61887e0c889
[OK] ID 85 - edfc65b4f45efa0825bee304550e104b8f16223ada95b1ea28bfc2cb-f066-4584-b800-a25ce5876ac8
[OK] ID 86 - 5754fb8e08d08ab2ef78a52f67a720a1c908bf9adfc0a3b5a249b6b8-348e-4768-85ce-ff61dcad7147
[OK] ID 87 - c32096a383d85ef3b745bf5b25d3e24f7914d0190671d79c2860a50e-fb97-433f-801d-59ffb9cc9674
[OK] ID 88 - 1b3c920bc325bd2c2d888cd9c07ebc452354399bd9dcd4f4669df88c-3add-47a9-b672-b8ed1a09f937
[OK] ID 89 - e41098b0b99e7f1478eff6fbb585f1b437c5c934075dddd0eba7d7f9-a4ef-4eea-afdb-45f214ccbfe9
[OK] ID 90 - 16e8dfe4bed340e1157622c691a4fa5364b41d7f1a7406375a55d86d-ab2a-4ece-9fd2-6ac4a514d2d2
[OK] ID 91 - 94ebcec11dffff482ff0764e6a2667050248d5cceef9e9dbc961f391-a1bc-4bcb-a157-e31e465ec7b8
[OK] ID 92 - e1de26caa257addd742364f531c1f76a48d4f0bbf2a4f212ca51c2bd-2864-45ec-b1ca-9c7920020067
[OK] ID 93 - 77099d570e0ef7d3c9f98e44ca9695e5766d7cd8955af16d4f978fb2-5183-4a84-b2e4-56c7429a9980
[OK] ID 94 - e0346bc4141c958ae8ec6d752afbdcf809f85db6844c352c0b878a57-0fdd-4214-9268-2312a20adc22
[OK] ID 95 - cd9e459ea708a948d5c2f5a6ca8838cf6132bbbacf1cc9d5bd4552cf-b07e-49d2-ac0f-a4ca1dfaf947
[OK] ID 96 - 3ce4810f839c9ef54cc0ca0264ed640a2004fd7323e1210ac6b93a6c-dbbc-4498-a41c-6a9d6909bb6b
[OK] ID 97 - 558ef63822aed076fc554538c69d20c64629c38a535cdac9105e5404-41c4-48d8-afa2-aa8a95496fd6
[OK] ID 98 - 7c837c6a86537ef66636132a8e9b620c28da4b5016c8690ba1f9a70e-0da1-479c-8e44-9a22e5856f40
[OK] ID 99 - bbb9a48bfe029ca52e59695f9d653eeb826cee6a4105d9adc75bdb12-a641-4f46-a5d1-e5a9087d9d25
[OK] ID 100 - 96ddebe959233ad5c83a48bff1a4df8063ab2aa511d11492b48a97bb-3eb5-43e1-98b6-ef723ed0d0a1
[OK] ID 101 - 395306ff996324760566133ae9e9a61d1a367f3fd489ecea936bc440-43cb-41d9-a40d-6219701dbfed
[OK] ID 102 - 85c127c3b65f0901484f7f183babf46f6e753677d19daa9c4783cdf9-7f36-454d-b162-877b3e570d37
[OK] ID 103 - 7e995311fd73dd8e95527011548fd6b051c1eb0fe6498a09e05b6032-aaa1-435d-9a64-0baea4c54a7b
[OK] ID 104 - c53701b23c125c1e66a080165665b325e24bd8c8f7e9a64dde6b86f8-3876-406d-afe2-b571b63e4b47
[OK] ID 105 - d5bf5818aabb8f7d52afff10e470d5893bde22a05e75342a27589185-6298-4070-a920-a0beb83e2744
[OK] ID 106 - f08fdb295f6690c75a8dd24c9ba33e3ada3b2b070262f8edabf4b61e-cab6-42a2-ba5d-d0e0e9cf5863
[OK] ID 107 - 53e863ebe5cb09a9ca750c0f984df8599899e2e41bd084f5b3672855-7b8e-4f0b-a4a9-349efed8b4a4
[OK] ID 108 - dc13d7330c38f4f18fa08fcb0d237bcf716d25ceaaae25b488b83017-1d4e-4465-8058-3dc07c6367dd
[OK] ID 109 - c7f4bd53321425bf320c5ed0c0091b25806e5fc31619f367c9281a33-9268-41cd-b216-54de00ce0224
[OK] ID 110 - 6d5a5dc97cbd8c72085bd9569de6118ab7a0432d80ab21edce9fca24-2d6c-4c17-94b7-0e735916395c
[OK] ID 111 - 4cac9c1b97170819ca92180ad3789b2e2c9c009d1d3ca853999e6c60-a4e9-47a7-ae55-ad0a0cd0c607
[OK] ID 112 - 6c222933ddd91215825048f115ed4a71b2a6d8744de001f9a15835fa-8667-4f95-8cf8-f0bc6892dee0
[OK] ID 113 - 29f2a4ab9af7a78294ab946caffc121816e337d6f1127321271954c3-f1d1-4fc4-a6ef-bcdbf44d9b51
[OK] ID 114 - 5f3578926b0ec030d3179c42c152cdd97b139e957e379ec70cc97900-6fcf-4cb5-9bba-c228649f3a85
[OK] ID 115 - a50dcc5de63dd93d290bcb6010e4f4287775940be088d91366b68707-97dd-4caf-bdf0-4262efb84e3e
[OK] ID 116 - cd9e459ea708a948d5c2f5a6ca8838cf2c9c009d1d3ca853999e6c60-a4e9-47a7-ae55-ad0a0cd0c607
[OK] ID 117 - c96a9286fb72e2faa119060a583dc294a33064ac3ea32be28c6db6c6-c127-4cf0-9a8d-33bf1d0241d0
[OK] ID 118 - be279900b676ea32c67d9fd9c950ebd7029cbd49b6e9b87aa8127446-f621-4b7e-b471-3b94d41de01a
[OK] ID 119 - 77423de9ab9f2d405edb93c793751e1fafe0eb558cc08d101e2d03c4-c945-4544-a5ce-f73a4d7ca25e
[OK] ID 120 - 16e8dfe4bed340e1157622c691a4fa53f4a60d9caf1f66de5a55d86d-ab2a-4ece-9fd2-6ac4a514d2d2
[OK] ID 121 - 2d184e9f343cbfd65acd14c2b28bf66d36c1bbb72a4bbd1e1bd9c0cf-6c65-40ed-8881-47b12d430d16
[OK] ID 122 - 2a30c8fcb5b119afe026b711e3b390883c2b8a54f1e1bbab23ffb144-95f6-4a68-a9d3-1593a93a0d2e
[OK] ID 123 - 9d077b7bc143e44c40d65c58e32e11e248a2963f07dea41f50a4ba29-640b-460c-8aa4-af31dd8dc742
[OK] ID 124 - c4fb5d3e1306357f969a8f316a63b72d98a8933c1c8000d7f77a8a67-c6a1-45c0-ba68-df787d388a3c
[OK] ID 125 - 4205bb6e532e381957e08b585979fecb2c3b68a72be14bc838a769c9-0320-4ce1-897c-8d635fb28423
[OK] ID 126 - 4e8667984730b4f0537c14574e6327883a24f77d87cc3eaf39ea8782-612a-4141-bff8-322b5774ab69
[OK] ID 127 - 98b4d1f48f4f269faea1c2368cd957ee4768c5f18c2b4450none
[OK] ID 128 - 0a2a3ad1f21d7e086c92325659ed0ff3000305b062385aa38dd32a87-19cf-401a-82b8-c3cdf51f8242
[OK] ID 129 - b9776473e303dc94ba96f0886280b75cba89446f4f59bad5ea87068b-a888-4607-9469-f6ff6fc7f58b
[OK] ID 130 - 44c5b79c283b01e740255a377ad1d482a372acec26da16fd55e29021-5b98-41e2-9a4e-946ad6d431c6
[OK] ID 131 - f74fa601f16da3addcb1ea898fa637fcbc53c88111c14cd9f3e7327f-865e-4a3e-aacd-c574e17ba316
[OK] ID 132 - 4606a701d62fae421534f86e98dcd67550e9ee3a6783bb44a6789c52-916e-4a2b-86c0-5831533b36f8
[OK] ID 133 - 376f2cd1ebfe452f08e1016dc747dceedbfafc8a5ff79ba357145a68-efa5-459e-b79a-f6488e2a2059
[OK] ID 134 - 2c84444f03bea7d3bf98e1be21d75a6bf46d0a6885aaf7a07584a4d5-3e18-4d5f-8ec5-afdfb9ffed61
[OK] ID 135 - 6a1f69e8a14dda8e90029c0e1c70333dd9bf2d1b1c541e61afc6fe3d-bbd1-4323-aa75-3d0c0bb86279
[OK] ID 136 - 2ff22de26e60f166f72d2bd412e704a56484b368b331b8d72283e8b4-51dc-41bb-85c4-0464fd3112dc
[OK] ID 137 - 4c98d1772f3f81dccab8434d7194ee9c8a1d0850f722da1a19d2b006-aa5e-4c2c-bc15-09740daa0ba7
[OK] ID 138 - 83014b68eb5fd50fde20c7fe3d2e6c0477f787ac759c767ea2c1b9e4-6cb2-4b32-a746-3fc254932eb8
[OK] ID 139 - 0e5f1caa5a0629d18ed573f2ccaff61cac024d650f379ff7652f9c10-3cda-4d49-8169-bb43fec7ea3c
[OK] ID 140 - 189c081e486de5a2cde7397ed608bfdd1a4a9149bbc13518e5ede066-f7ef-415b-87bb-9bb7883bf9c9
[OK] ID 141 - 93d1b63d9afe81157f560918a023251084cdbe3d2946cf3d545c3936-6be1-415f-b3a0-7c481891d25f
[OK] ID 142 - c7f3e571afc3943c34fdb078366466d9818c7558d84c95benone
[OK] ID 143 - b602b2cd3bfd1a35638a046d5e44f77e1f1875d6a61747715a1c1869-d35b-4d08-8881-e34f354524cf
[OK] ID 144 - ae22252c4d98c4e8613cab362ee8877c7e1d56ffc9ff322adc94fa03-6355-4b0d-9923-ac4c14bb1aed
[OK] ID 145 - fac1736da57e43570b64798c745a6d3b763b59d706629eb0f3aa9787-0f56-45f2-8a27-fed9bb19fb5c
[OK] ID 146 - 1670d7315129db157735118338156b642f0b4301197bff5370b5ba2a-4bf7-4c5e-b16f-9fe4177ee94c
[OK] ID 147 - c6c6be9d3cb8f93e5fbc4b6584be16ae381e76a3b7da69f751404e7f-1907-4bcc-9648-6c410b0882c1
[OK] ID 148 - 6529f364220db527cd79f3546ae29f2ccc81bf19b6b5e6a567192b40-0614-4e68-ab69-96ed3c623f65
[OK] ID 149 - de6bbd1088ae94cc7321e6e162dca79eea86eb72b42b461334f7ef5e-b79f-4ad4-8186-80979a1e4d5e
[OK] ID 150 - d061af580deb337881e97f294d8ee559363a203d27f3413016b5c69e-9e2c-4554-8410-0962b6377bca
[OK] ID 151 - fc244cc0b9dbce598ecaa997cb07eece49da6bfbe9a65ff009b0220d-5cd6-40f5-98ec-4e3951d3975a
[OK] ID 152 - 0abe4520c8fdad211d239aec8c6614f5c4d42ed305b5a342a799f6dc-9ad1-4aae-861e-3806b34c8613
[OK] ID 153 - d65bd7598652f724a98365f73321185cdb2ccc8515f9381a87399817-6171-4ff9-8610-7589bc4d2afb
[OK] ID 154 - 0c45ea9eac73f8cad6e0cdf2e125c765d7de8201d217dbd8c9033d64-3a8c-443d-999d-a9d84b98b780
[OK] ID 155 - d6bada9cde1e1fe52468d2f16aa2c3ae51abc36e5f440808b9052c03-d300-4c0a-bb6a-8938de3c374e
[OK] ID 156 - 246e0e20d53d2967944627f1d8e36320e18dc65065d004fa049ef01d-6282-4e37-b067-1aa3d861f2dc
[OK] ID 157 - 3751b339324dfe26552bb808410425a1aef18a228df94944b08520fa-e374-4bf7-842b-fa977e97d48f
[OK] ID 158 - 4269f76aea915d74d75d16d87dba9102edb8b7ca2340bf69a6f357c2-c15e-48a7-bb2a-cfd97eba3522
[OK] ID 159 - 139fa84f30c1d4a24967df025b64e5b09a9ef2f5ee473030none
[OK] ID 160 - 3806b7efb4ee580e7514c0c23cd92e26c62fce5ed211f98ea5371473-1262-40da-a2ad-e16208073929
[OK] ID 161 - 3bd7fa21243ca0ac1e57cfad46b727227c47363749e706eff487297c-b088-4d38-a011-b249ee2e1adf
[OK] ID 162 - fb46d33924a9555bed7d8a3e0bf6e5ab4e316c5508ea0d4dd0b69af9-8014-4162-9632-3f4c824e0510
[OK] ID 163 - 584635a913661c88c21c1e847e5ffcca992cc5bd0f72f1da31128e0e-22bf-401f-8a96-8383ab083e38
[OK] ID 164 - 937d8cb6bd77be4403a57a06631d0cfcd0495bd2e5d86185b6a55df9-1e8e-41e7-9e5b-77f32dcccf7e
[OK] ID 165 - 302f6162605ccacccaba53ff736bcd69642d8d7e9a17675456144f65-7f00-4bef-8770-eb2e22b1452e
[OK] ID 166 - 9c69a38a21048f4a48dee9c6a533fe8bbb715ec5432dab8fc60675a-0982-47ca-97d6-c2cf38c435aa
[OK] ID 167 - 33cb89ed9d8d7d3f0e84cadae295966bfe3929f629a4d40ef9a2bab2-a760-4f5c-bd73-98dfa4bbee5a
[OK] ID 168 - 15a170bba49739498fdb0a0061ca9a5dd0c9c742d0d76edcd59d9ef4-4d0b-42e8-9eff-866908d9b76e
[OK] ID 169 - 04252e803cd9de424eac57066b1c353e3d22b8d65c52406277ab7076-63e8-4939-a31b-ee4677535128
[OK] ID 170 - 16add9c261d9ee2a3daf19e197d5fbf3a6f3d2a01962bda3f744358c-da69-46f9-af1c-2a30e1e987b8
[OK] ID 171 - 5832fbe0c958c5579b382f68889f8e7510fc9554c029dab018b42e75-9efd-4e01-9e61-cdd08365e50e
[OK] ID 172 - c669a77efcdae448603f82d10f8056b1dfba1a9da995de3b4f3ceade-d1db-44e9-b3e1-7338490335d2
[OK] ID 173 - b848d6b8c7ec2d7a592a6069c770fc4db37076fccef0b61cd62b7c84-73cc-41bf-95e0-cb8900f2355f
[OK] ID 174 - a0edd2d0cfbce027383be460da694fae9c7b37721bb7765c17e95c4e-1a5f-4b63-8b03-4f28a471cfb3
[OK] ID 175 - 94ad075d6d18be14e4077b45e64bbf91332f1babec84aff654ace786-be66-40ba-8326-3b7c20b38634
[OK] ID 176 - 20fe4dde819176da7cbfb6cd0743ff37d118439cc83d9ff3183bd4f3-268c-4e33-87c6-f7bbec78b5de
[OK] ID 177 - edd4866ed793226edfe9770122f1da561d49e4445370eb0ce26161c0-4b05-4296-bc5d-c14e2194a20c
[OK] ID 178 - 4e5b0d89fde8735559333343edb95d7654486dc9273939736252f2c6-a0cd-44b7-a726-5df7b1b72e5a
[OK] ID 179 - ef0216596d5dcf7f2e32aece588234e0905981e3bf5cb747e93c5396-d339-4b91-a4ab-2a1d289837c3
[OK] ID 180 - c88ec0a3fb09c4466e03ac46e7bf3cb15b350f47385c99e1e2547c2c-5e8b-46e2-9d6a-7b422775c76b
[OK] ID 181 - 6e8c7f03c2f976ebca17c12b805fe34612cfb23689c41898e1030038-9fc7-4ef6-b5b0-c58102b2b5c2
[OK] ID 182 - cad94fd4054bdcf331e3b450aa6185365eb5b39c0cf272af807686ff-65c3-4e0d-9ed7-e80cc6d9aa98
[OK] ID 183 - 551e8a93f06e8f9bfe4755c135f7e2539cd80db1bf7fd8cca34f116d-6804-40e4-93dd-b5ba1b92eb12
[OK] ID 184 - fd13bc0b384c30adb29cc389931bff3b6a90af5586db76dad0f6c579-277f-428b-9999-a416763e00ed
[OK] ID 185 - 11e6369d66140ccf8ed81cecd2bef7f32a3241c34d2efcdce94d39bb-4661-405f-a94c-cf6a19ac1d9d
[OK] ID 186 - 234b15ef9ad1ebe79c6d7ebb50d3f63659d9ef47a07a35abd67d7331-c537-4c02-b062-9aa96dfe5481
[OK] ID 187 - 26421a8b53e036ef12021eb177562177769d15055809dbc11faa5433-f109-41c6-83b6-2e251460c0dd
[OK] ID 188 - b7f1164d5c74ef21cbcc377b1c3a4d37224f94d9e91e7cc53ec13c92-0e41-4a7d-bf51-16fa0481ef54
[OK] ID 189 - d77c0bcd72f91ae5b2ddec4ab3a1c7329985a8aee3edbfb808a17e8d-049a-43a0-9dab-e31e1370cf58
[OK] ID 190 - ad43101f40885f06fec83d465476e3dc7a67ca63447780c1920dcd79-0a4b-4179-b5fc-1fa18ad5fef1
[OK] ID 191 - 27d9da2ff0e3b32cf8afb97d06daa184368d4a4be51a5ca48fe64a74-0987-401e-9752-78adafaf862c
[OK] ID 192 - 0beb82bc8df68a49acd4fa570ba4bf80791e089a788cf65414d3f8b8-85b6-4800-aabb-0df4d80c9db8
[OK] ID 193 - a4f1c5f3d5ebec8c53700119758501e53de1df8f10fa5a41c4ee58d2-d57e-4eb1-978e-17431fbe3592
[OK] ID 194 - ebebe67727f02ee01c000b35f66c5e835e0b93b32f979bbc8dbf7f10-fe1c-4080-bd6e-7aa3019e4eef
[OK] ID 195 - 1f67aefbfa002bb265a74242838b26fb55192ea30b7d940b100e2231-2f46-46ca-9e33-c7c1ce95d639
[OK] ID 196 - eaee2d3fa9e4be6de13683b1ae91b2df36a3d5c31afdaa0cdae19b42-1eb2-4112-beed-12069be146c2
[OK] ID 197 - 01192af8ba91a2b80eddd9cb7f7eb6a11c2ea6f11dda3371e125ffc5-6d68-47dc-a788-1179ab9c6df8
[OK] ID 198 - dc1591b473a6a1d2807c76c4fc5092a4a217f655069c79996c7297bc-7b08-48ef-a63a-d6de7971f005
[OK] ID 199 - 3361f9f6e8413148434be628326cda89e0abafdd1e33da2b24e07c8e-a535-491c-af1e-0d581797d4f6
[OK] ID 200 - e8b606ab9c2e751202cdbdf9113f68cbca6b548106be8660bd5ba3d0-cbb3-4e6a-968a-97fc296b2278
[OK] ID 201 - 3e5be837d5a636dcfc9f42219229a3a5bc285e62307336710167c633-1f5b-419f-b75d-bc80910f3fb1
[OK] ID 202 - f845f2b589ba6a5976dbfbf0afc872dc1b46df258286fa56eea2eb5-d21b-40d6-aa36-2b72dde3e0f4
[OK] ID 203 - 8c021e090316672f84248feec63fed2d94e17fccac8e1face8ce5212-bc16-4252-97d0-b3823f53491b
[OK] ID 204 - eddd7590fd3f26d16e22550fe6cab5c1a7a188313532dc45none
[OK] ID 205 - 252c6160412f6ad67c3e20ba55375b171822ccf4b93ca1ee9b57ee50-344e-41a0-a7c2-95f938e8b8d6
[OK] ID 206 - bb72d0178a41d4ad390aa65080b00487750966f89e23013b6af06a7c-953e-4fa2-9877-ffbb5ef5a5eb
[OK] ID 207 - 5166e662f0e92ac4615aeaed70b32387b6e4fe7df3dd74d0bf57879b-8afd-4355-af4a-7db1632f0354
[OK] ID 208 - 7b7d12450a5269430b3c4aa4558f9d42074a1fc93e212be80297b6bb-ab26-4e4e-ad7b-6355ce5454bc
[OK] ID 209 - d1d3da2892485aa47ab4da2fda8267a3f2951aedcb2f3b5d7f3e2072-70b6-4a80-a71a-f5067207f1d4
[OK] ID 210 - a817953071a94003f62c9b1b288335e3743aff4811c52d9afe91db6b-b5d5-4b49-85b7-56682556bc11
[OK] ID 211 - 862dd204a36c3669dbb1be3da9330d66d0be0357b74efbf0d16a4d60-28ae-48bc-b37a-b3422a52e0f1
[OK] ID 212 - 54cd2dfd2eb5258b7956981b49937295571eb7c57a7a7fdb4c29ba9f-01d2-4551-a772-2df45e1e4380
[OK] ID 213 - 9598d0bd2043b8383d503f803ce5eb9aa826560793f5b515b3260a4d-b93f-458a-b34a-841fbbd3c685
[OK] ID 214 - adbf0dd14e89b030987b3fd21f60afe35559faf19d7e4dd9b2794281-f598-4ef2-9d24-d0d84dc4c59f
[OK] ID 215 - d1626c39c9e9c77aef3aad9cacbb41d6940ecdb1865c2297b3c8f8ca-1d68-4125-a545-e0a8db19b5b2
[OK] ID 216 - 30306a5811fc9ac2be5171b2487ad253199058dcbd2572b5c6c17260-90e9-4000-a3a0-4cc81ccc0596
[OK] ID 217 - a7abfca1bea158701c88614ea25798796f0db0793dbccd37f7a770c8-102f-42bc-b179-e401b1377e78
[OK] ID 218 - 4b6fa980d2b92c9d85d3b351b7fcbdc518a4db00ce2f7b6ee64d00cb-d57a-48d0-80ca-2e7aa009d440
[OK] ID 219 - b84e9db9f9404391a37afb2f71f22aa7b7fe64e5da08d211none
[OK] ID 220 - 778e71374f1e7c9a2ddc2458686eb2736c8da180646162eb3d7d0c96-6aee-4294-a535-8aebacd5f207
[OK] ID 221 - 28b07afc7f6a617c376ab84bea74e11c59e5f019f8c72298ec12b716-c409-4a69-b1ff-587a65dd727f
[OK] ID 222 - c7d6fb3dc1af3e5d5ac744dffac58724eaa592a795c0b9dca402cfec-0136-4d54-b839-be2b7554203a
[OK] ID 223 - 08e04c88257adf0d71ecafbc9aac559608b0fc20070bb1e0d67ccf36-2083-4a84-9394-ba01a4d5cc0e
[OK] ID 224 - e9ac30a540391deeb6ac26d098e540ede7b01594d1125f3d386ea3ac-0605-4f2e-971e-5b1200439f69
[OK] ID 225 - b717efb8c49548a2cee99a682139b0e7e39cf90f1dbb6f4aa4bda10e-d6fd-4fed-bcd0-b704a4521f3d
[OK] ID 226 - 4a525fe6199305b140eb9abb02f49a33cfc423d213cab215be8e1c60-4385-4d44-a012-c4d92ce7213d
[OK] ID 227 - 5d13a9b3441e42fe8ae1aeb9565373a8a77fd3206ac7f6e59562b590-e067-46ca-ab57-50c5514d6616
[OK] ID 228 - 3c2b9bdfafd6294b8bfa108ffc7a0aa4c4a91517eda7d325a21d3e63-d72d-49af-a1dc-4da1d8c9a40a
[OK] ID 229 - d6251717ca7e1cdffeb6e9a1f16a07f6ecf522c361e9ce9df96c4fb7-0a58-4953-b791-c97076aa47b9
[OK] ID 230 - 736ec5b7f360a3b91f19595317b68637b76f77303511552924396a79-498e-4257-91f7-78cd55f12ba2
[OK] ID 231 - 6f14cc8d73e1db38badd25b6e8816a1d42e91b7ba57af1d07b9e146f-9fe0-421d-aabb-1421e0cce672
[OK] ID 232 - 1e630dd36cb9512ec5a11b0c6afafad68acfba28a7194f09none
[OK] ID 233 - 5b5d7d54cbc389755e5f3668294fde68f40029e09cc5484df4aa0670-2ab9-4339-9b4e-c51f2831ca5b
[OK] ID 234 - 14f859f7c98cdb6947068f7ab7a90a77fc1863b9030884e00f2659b8-adbf-4f59-b6e8-1504ae410a5d
[OK] ID 235 - dc6c65faa973905bc867e611d02bfc83232ed54cfbf14d82572daa20-a041-4584-9c68-c81f0e5fc42a
[ERROR] ID 236 - Device ID keys not found in XML.
[OK] ID 237 - 7dcaf796a4345100a5113ceb55272ce30d39d4156a178f7da56d67b7-bf0d-4223-a280-e78f23104468
[OK] ID 238 - 1b1a2e5c9b7ab5868b6b6e143e52a65d9e246ff595a02eaef908b366-c933-4c48-b844-ba1aa58698bb
[OK] ID 239 - e65a29865aa6391343fab8f10002414030f8fc465fccf368bc15f821-1d7f-4216-baf2-7c9a0c9de3c2
[OK] ID 240 - bc55829332e629caeaddca1810ac314d2337ce0e3eb0af24434d3e17-a158-4dae-8391-944676f03118
[OK] ID 241 - 77bbde84be9298d845ea04af35c30eb6f8a9634a66ff72d88e00b05a-7403-4917-8940-945ab1ab725e
[OK] ID 242 - 923fe5ea24cc8e7d48f13b437c4ed52b1432861df827c6daffcd9967-6a02-43de-b3c7-d2f65ad312d1
[OK] ID 243 - 77bbde84be9298d845ea04af35c30eb63d46717fbdcf3b278e00b05a-7403-4917-8940-945ab1ab725e
[OK] ID 244 - 1f7e02e218b876f2335fc99b204e42bb392386b4cd4b32d35e741c83-4550-40a5-b798-b92ea6914d82
[OK] ID 245 - c755cf4d6872f4e0a03078777203c05040b61c6edc3bf7303c222aa8-26f2-46e8-88b0-e34330f0c4fc
[OK] ID 246 - 27aafda343afc506d7bce5783eacd7c3f4b52fedfec0436dc3a60f27-579f-45c2-88a2-5c96e8ac3619
[OK] ID 247 - fd1cc59aed37c35f9d3e2481798c3386e1333c73c48a1b889a8db259-2456-446a-ae53-6768bbdf80b4
[OK] ID 248 - 3785b4e1001ab7cc4907c64cf5f26638b0415328a49eb47e2d427ed2-4a59-4363-9f04-44ba05043048
[OK] ID 249 - cf1d444d94b2f2bb32d802e97030fde7b01eed35ec19e1a88dc9f01d-0219-4733-a51f-ecec327f2572
[OK] ID 250 - 22749a4311089c65622a6e721ac1a66944619cdd2a4b50ce8f79075d-9c06-47e0-8b31-61a51d5d263b
[OK] ID 251 - a817953071a94003f62c9b1b288335e314f693da2a71e632fe91db6b-b5d5-4b49-85b7-56682556bc11
[OK] ID 252 - 9e80830e99c7dda56f2c3324a6ba0feaf8e503212b065a89925d53de-d506-4dc3-a226-d87663d08a43
[OK] ID 253 - d4b6f72065f59b8027ce887ab7e9a2cf4413639997bdaf3489af7e88-b594-4fc6-ba4d-237aece1d838
[OK] ID 254 - 649988ca7fc2d16a1bc3e50f2c832b0d6ace5e4022f03702b377a89d-2a62-4dfe-81f0-6399931ddc41
[OK] ID 255 - 5a0b40a17ad4dd9f9d1c916ff751aeb85488ad8c14bc525fc7a2449e-8dca-4802-a14e-74deaf71dde9
[OK] ID 256 - 6719ab799f7c1ded6ef327f8deff231d84a8e80ff3da05dd7499e277-832e-4abc-845b-8806681f6e34
[OK] ID 257 - 579879c2d671d7380aca350ca010d937bd53e93273d411e2fa15ad6f-9475-46d2-88be-b85c542adfed
[OK] ID 258 - cd9e459ea708a948d5c2f5a6ca8838cff4f4200eadd04cb5fa15ad6f-9475-46d2-88be-b85c542adfed
[OK] ID 259 - 8dbaa8147309a66836fe2ed45d04265a6f558ffa02dde420e38ea6d7-d9e4-4ad5-96d2-aa1f1dcaefcf
[OK] ID 260 - b3d859b109ff77828151a3454bcc6bf4b78df2245609060e88576456-5e66-43fc-bc5a-39cf35f8a951
[OK] ID 261 - c72bce0cb05c9a42310614cdc36673107ada9b147cf33381e4eeaac6-83d0-486e-bdce-c41602327eef
[OK] ID 262 - 7bf73c473f7e3bd1d3d772524c1ee92f4aebb5a1e3564ab2b911b152-cdf3-4c31-8b79-a7b406ab648d
[OK] ID 263 - fdf345bd4f6196ce68eb6ef481ae68e4c9fbe692a8943cc3522bcb19-9586-45c1-a911-d818210d1354
[OK] ID 264 - 127aea27af4d37dc388d6f8abb117d76c43ff36258659cc41c98aab9-2486-462c-83ac-2107f8e9900e
[OK] ID 265 - bbfea38ab7bfd0a87366186f7c0b9aea7f78aa6cb6cf5cbba336b083-5e13-4b07-812d-10bd44a8c0fb
[OK] ID 266 - 2e9a3e1805044c117094d539a62712cde2dd4ac885436af5b768b0d2-bdb5-413d-a726-ceb8eba65faa
[OK] ID 267 - cfcd208495d565ef66e7dff9f98764da5028f9fe5e2c1833dba6073b-4754-47e6-aab0-49a4272cdddf
[OK] ID 268 - e65a29865aa6391343fab8f10002414030f8fc465fccf36889fdd9b0-6b11-474a-8a54-ae64cbbd909f
[OK] ID 269 - 313a8622b879122a23f06b6fe785feb2d846c1522debb652b364ac30-e815-47dd-9dab-cde5e053d7e9
[OK] ID 270 - 096bfa70224414dbc552e02375236e28f5b3450afdbccf2ddc217aeb-5bf6-4440-bf1b-3217f6f225ad
[OK] ID 271 - 64660358353991653834352a9a8aee16c9b082f2c1d4276eca0c07a3-aeac-446f-bd12-23cfdb7ff124
[OK] ID 272 - 772940a1722fc05f5947e4d5eded0b4c4574801a88b6d9376004a493-46e7-411b-b3e6-35307f7f09b7
[OK] ID 273 - 851cccb01d7b0b658d87eee8e20a3a2e43505bbcf4286882none
[OK] ID 274 - 09b7d01a809d11cd220e9e8723508d755845928fa2b0592d881a7ceb-748d-466e-b6ad-a1f4c467dae7
[OK] ID 275 - 9179e55fe3c0d48b1cf8084e9c5d02d25f4426831883350902115bf3-462b-411c-a174-8354714c21cd
[OK] ID 276 - b225c8ff9b496e34082bb9fe160e6013ef590f82ef12b918b729332f-e3a8-4f0e-85ce-ef8ce3d8fbf3
[OK] ID 277 - 35aab32f82ecfdad8f53e5779e036051640d843fdd6c5e6ee1e7747d-ff67-4300-a832-4c077faa264e
[OK] ID 278 - 2e0b2b1c32de1aa7b9169510e1cb5606b62700b5756d208ea286c209-e5eb-4753-bac2-71026892de0e
[OK] ID 279 - 46d29366f6c9071a445136bf612ebab4568d84649cd1900f136815d5-7d96-45ed-a116-e0ed0f546e4a
[OK] ID 280 - b4587274164494e301a3e7c89faced7ec28078a92efe770anone
[OK] ID 281 - 37622f8a0bcf93504d4307e662ad8569389b68e15b94179313523ccf-20f6-4990-b962-9d0b0c5e888d
[OK] ID 282 - 0bfabf1dc62a68efd624dfb90ef8301ec1f586a66aa31e5752f67092-37ca-458c-b6ff-cd69bc923d2e
[OK] ID 283 - 86e6667c71cb8d890bfdeed93dc294bee0a970f857fed9fda3824ae4-8887-40ed-a910-6687703d081e
[OK] ID 284 - 0873a9a9b73763ef69cc7fc3ef6c597178b7bf645360ec5fb2e23928-fec5-449d-83d7-0debed73f08e
[OK] ID 285 - d9a08932ddf73cf3edd8f1daf2d5a3d427c9a55a69d7ffe791f38c26-349b-4d2a-a10f-3d494644535c
[OK] ID 286 - f054f14f5ae9a7580a8f679213b7b2cadf2299e88aba45dcc2484c27-a200-4de3-b13a-3cff208c5f80
[OK] ID 287 - db3e8c1562ff6277de44f1ea87184ab2ba9b2253babf9942ab5d5118-48b4-47b7-9a43-c3acb0536d6a
[OK] ID 288 - 08c5ae75c120f2bdff37f8976de0967e14e8d3fa66f042473ff9663b-0bc3-4a37-8cf9-cf33fdc6db02
[OK] ID 289 - 22b1e8304018dd88a45bae93611035c97b881d6eab2d586cc4997548-7204-4c09-8d8a-62ac038aa6aa
[OK] ID 290 - 8a82fbef08b28fa09639fe3178eb81cdc0fd6118d9480a5aeb1af8f0-a27a-4736-ab2f-3ca6a9b1839f
[OK] ID 291 - 81b7b90076ba9e81b9494c8baaf845b61d077e25e61cf66745f201c2-89eb-472d-b9f0-8ada80a0140c
[OK] ID 292 - f70bf847397a1182b37d757154c1d1de6db4c071dab15e49ad52ba67-839b-43f2-a791-905824ed7f8d
[OK] ID 293 - e111c5694088b4546754da64bec369a36c27bb6924690f6e5d64e8e1-49cd-47b1-ba28-aad3508e6474
[OK] ID 294 - 4e1b4a5381dda05f43d48573a136015d30aa040e00bd343d594108da-93d6-4217-ac17-96e33c7279ef
[OK] ID 295 - 597941648d54bcc85beaf2de0765d848b4af6ec6bd809df193ad6cc-9189-477d-9c64-73b654da7199
[OK] ID 296 - 17b7e2a0c79e9d6ffaccb016015472901949019d8798ed5e1c47c82d-ee80-4cf5-819c-17429adea5b3
[OK] ID 297 - 53dc1e6322c53480b78a111dbd0d1042e447204bf2a35c1db5d5dacf-d791-4934-ac84-187cfd944701
[OK] ID 298 - cd9e459ea708a948d5c2f5a6ca8838cf3d46717fbdcf3b278e00b05a-7403-4917-8940-945ab1ab725e
[OK] ID 299 - bd6162a41c148bac9fce63841a91f48653038bd62dfbe789f6c3b0c3-28b5-4b87-9629-bca67dffd1a9
[OK] ID 300 - 5a3b69635fe4b0e96128a06387c6d46a25b84db8946a7c9ce7ff4361-48e7-479a-ad3f-6eab58bf650c
[OK] ID 301 - 51026d4fc74acdb9446cb8e79078721f6afe095043356fae473c18ec-619a-46c6-abe8-62ff7b3da192
[OK] ID 302 - a62c468f799a706d2cdd7d67b06e899071ba424cab189310bc6ed3dc-6f1f-4973-9510-65e2182335e6
[OK] ID 303 - c0d2c223b3ba344313e8e6e82847e872034d3bd0b2f17c9a746b5380-1608-49f9-9ed8-9740fd28afe0
[OK] ID 304 - 98b4d1f48f4f269faea1c2368cd957ee0b22f68d5cc687d4cdfd44ea-90c4-482e-ab39-1ab8ddc17672
[OK] ID 305 - fc47417ec9f31c54e46ea7601f7aacc1ee63c451cb4d465adf9c2254-0d24-47bd-9d76-11c99529b9e2
[OK] ID 306 - 8a54bb742cd1d4e273dcf3066edd563235cb152cba70fbf10ff42ce7-601e-4ddc-868e-d952e7254cc1
[OK] ID 307 - 0f9868cc9d9d7b71321df44a559ec36afa7837af86ed832c1af45463-ef8f-417f-948f-a60835091bac
[OK] ID 308 - 7b91f132aa84d6b9bcaf792aae6c84093eb2eaaf9af115d8d31d8ca3-6df3-4050-b371-a2c5d89393e1
[OK] ID 309 - 090d1888f15b8b35cf87270ad632e571a57212a4b6cd36f5none
[OK] ID 310 - d287faa9828063f612dcd2be9f62e27ba951411be800593330ce6d37-ad66-4a18-a8f2-cf7b56a3dcef
[OK] ID 311 - b16cb9bb4d33cd43ac7e515e0e6d8c352d0623d0d0bf8f63a9d2ffb7-bc4d-428a-91a1-364baf76bdc9
[OK] ID 312 - 26707ddb971eeda1e89b0bcc1c97b2dc50f75d479c494248df562451-bee2-4000-a4c0-eb6aeaece919
[OK] ID 313 - 93662f23be30a1104b149b946769cac538a282fbf526e98ba947b902-e472-451e-a58d-4bf38f1ff085
[OK] ID 314 - 11f0191cbcfe0b4d0b70cb88a0648cda5da3f782b331bef518186a8e-d1d0-4bad-a921-3d2cacd687fb
[OK] ID 315 - 8eba60f615593dcbe71219faad4ff73ca28d3367d5714062546fe9ec-fb3e-47ac-96e4-cf9332757d73
[OK] ID 316 - dfefc81200310f4e62a4f7f3110e233e0aeb2827870a217958579488-a1c4-4736-a592-e35bae4ae51b
[OK] ID 317 - 39516faf5af6d66e7cdd3aa149423e1b16bb618d054341bf66432bd3-7c8c-4d44-ac73-8dafe622959e
[OK] ID 318 - 4e9db003ea401f2cc741ab04e86848bfd4485def856feaf1f5d023b1-3b6c-4361-9017-7ac8307587fa
[OK] ID 319 - 293169cca4c1ac6cf1b8aac8cd535dd409afbe1423e946ba631ccb29-31c2-4742-bb37-93d8e8856a44
[OK] ID 320 - 4c67a469e2eca48536895dd2b81fd571e87283bc100176cf9c7ad11b-a627-4122-85d5-364fad0354c3
[OK] ID 321 - ac732eccaed4030835b159a42cf3abaa3fe7356c092756f4none
[OK] ID 322 - 65f59672b3009835ef3d8f8716ad46ee940ec9d318cca3f85b51d6ed-1ae1-4748-baf1-97955c15c03b
[OK] ID 323 - 58f887d1eed1179bf7a593fae0c3f08d1cb66fe2a40fd142a4e1df82-7d3e-4da7-917e-0cd3fe2bcd17
[OK] ID 324 - eee036f251f9a0c05791d838a8e85a1deb39eb687e32d9b4464d1f4a-e821-48e5-b4c2-c0203080c4e4
[OK] ID 325 - ce79ad825d2c04b65afa5dfb2bdea435f20792ef74ff96449ff85896-cd3a-4a54-bf26-296ec0adf938
[OK] ID 326 - 42f8118d0003169dd84c4a38be2cce84a69994396ddb7620a911434e-b50b-4e21-a838-9e9feed4eca3
[OK] ID 327 - 0e248e6400caf9ff289094f3a41e516a6ac2ac6fc4316e00cd9f9af3-f284-4e71-baa9-fa72ad376623
[OK] ID 328 - ad42ebd7f53db34e9b4ce5ae83a993ec27033751bf18845e93c85b1e-01c0-49d8-ac7b-9df2c999ec0c
[OK] ID 329 - fbfb6fd001df6de51453e61eec94a0c20b738322e4375817f9c7bc2c-af09-4685-b2d1-b4836b8ca22c
[OK] ID 330 - def68283812d33d04cff5c4f1bcf585383df4373eae856b944bdf50-28a9-4333-aeb1-8a953ee6ecf3
[OK] ID 331 - 3ebdf159b1f16cf99d0a4b5e72de8f0a88e1c518f0ccd15a4b0228d4-1bf8-479c-a257-945b23a9359c
[OK] ID 332 - e6111637a2cc34b0b5fe68bded7f453130de1d68dd72f9777cc61846-4b31-4ef9-9fb7-494c8022108f
[OK] ID 333 - f2278b913c2398fe1539cc67110315b8845763b670565f3faa24c826-dcd1-4e56-b30f-2eaa6e4c9900
[OK] ID 334 - 9a294b1f31fed6b9cd6221c2fd3d45cae21ef0dbf9aea38eec63f0e2-abba-4f19-a59d-d450826f8c90
[OK] ID 335 - 5db167068af3f7a28dfa8217bd0a7863068d7dc1237180864681a392-e265-444f-96bb-77545b83b249
[OK] ID 336 - 9977b24260675c5dd368ce4b826d85a64b75d65359fb9d8a4fa11ddb-5c89-476e-9f82-5f9217b8cf92
[OK] ID 337 - cd9e459ea708a948d5c2f5a6ca8838cf19df6ef9176444a66ebadb86-360e-4a82-a4f2-c3f22ba8b45d
[OK] ID 338 - 7ae3b9f8a74aec65c810084d36bd08b97c7fcfa21bcb932e111ec4dd-5250-4ce9-a611-eaaf1d560adb
[OK] ID 339 - 4c38ecefb92eaf91c26753a751aa6e253de9fd4a5ff5117359407a16-11c3-4df3-b44a-0730981cbedd
[OK] ID 340 - 864089d80c4bf1532aa0b6b26bd218ba6c66390ec509cf78fe660968-23cb-493c-aaa6-49995387375f
[OK] ID 341 - ed1e14c20fb570401b6636e41988252fe16c3be04b3c38de80cf2ca9-c763-495a-a42f-47377782e2fe
[OK] ID 342 - f6b0290b092357c27ae8e9cb37ef364674ec45f3626b4e892c973b75-88e3-4a80-9ca9-1ce4fd2c8161
[OK] ID 343 - c434b3842f0d505744d85a4da9cb9424c24f794266fcd9eb74c61546-f364-4086-ab5f-aedea468796b
[OK] ID 344 - da4807ec6ae2724ed367921876a052b6cf0f792ef1ee51d26b20eed5-b797-4be0-a038-12fbeb9be49d
[OK] ID 345 - 56ca7e076d30b404457ddb3179612894ce81d8068f286ec5a0749f79-9b3b-4ae7-8b52-895720d886bd
[OK] ID 346 - f5bc200259552f4233b24246b5eee08797704a6c73e6344d35396054-a250-43c8-8874-f8e18827045b
[OK] ID 347 - cb7831945a0222311fd3fb139045dbce1b3a44b5000afa835447fd1c-35b2-4b30-b9ac-77120ba65809
[OK] ID 348 - cdf76961bfdf65f4099e4aa93656796adcf38ff5a68f9e19686ad80a-ff60-4c6b-8bfa-2a3e25306104
[OK] ID 349 - 44947807e7671bd3010dd9b3e9bb4c6cf21a67c233fdca5778275aa2-417f-4944-b24f-23c82ffa6882
[OK] ID 350 - c83c4cc536300d6e383a6ccb9304d692f2b1941ab9ab8d2b9750c2f6-6178-4a0b-a1ac-5df31c97bf2f
[OK] ID 351 - 8ba7a6d129cb63541610ce2c7fa2b110d94597ac684abb207e1aa690-0b5e-417a-9e8f-895f335a537d
[OK] ID 352 - e145a8a9927be60150c182ef167e51bb56ef858d07f7147fbfc1a323-dacf-49fe-ae91-e24c863cc3ef
[OK] ID 353 - 5f23ae475c59cceea704d7e151d953b831a115d21b22af178e7631ef-14ee-431f-b107-8a3bcaa728d6
[OK] ID 354 - 22a3b5f404cbd26d4d652d7f14a2274eac4f80af90cb9b07ccc9a379-c6a4-4004-b782-603b3538814a
[OK] ID 355 - 02fd365b7ac9186cf63f5454bb8651559b71b702f2604b181053f52a-946a-48fa-91aa-0ba7c6a064a9
[OK] ID 236 - 05b956eaaf64fc15d017c82d9465d1c9aa6b8990812cb331628bbb5d-bea3-4b69-8556-c4f7dc64d374
[OK] ID 356 - 7cda724293555db36a85ce2d329a4eb851548bdb561928089f9caf7b-8d91-4f7c-b010-6a414a68e500
[OK] ID 357 - c60754b2392e174a589a427ed820242f27d395695af2499aa9240e52-9019-4fec-b652-5b117b6f90d6
[OK] ID 358 - 149fd7b3499db6b1fefc6b74b417e29f622e6bc76e62fbbe5cb4053f-9c56-4cd5-b39f-4af6dc20f74c
[OK] ID 359 - ac3aee1d52d4b847153d1ef7decf401bcac49902313824df2084c91c-ee29-41a8-8091-14ca8ecb13ac
[OK] ID 360 - 130735aac2ee20c2735c3ce4f15e8c884ba5a11c2282bace30372b78-3bb2-4a5a-8fc2-da6083f7e116
[OK] ID 361 - 5cdc4cf08392496f2a1f783bf8c95156fd4ca38a578a2c0de783356e-3cc7-4faa-bee5-807ceadaf942
[OK] ID 362 - ab399c8649063c480f925a4c4b0666d69d745f71ac637958a1102400-e9ef-40b8-9c74-5ba657be1bca
[OK] ID 363 - 64de8b6497df9349a81b289c5262e055a3367494968ffb964e14e8ea-e6d4-4005-b6a4-63edfde8d449
[OK] ID 364 - b505eb10163ee67f200e9d67059543b24fb6c2a731aca8138550e3e-2213-4b4f-8c78-f5b20d4c56af
[OK] ID 365 - 98b4d1f48f4f269faea1c2368cd957eed53a78b1874e7a48cdfd44ea-90c4-482e-ab39-1ab8ddc17672
[OK] ID 366 - 663cbbfae9c5a45910c155f0b80e5387fcf1dc3640350a39dfd4a1a6-4c13-49e5-893c-ff3f748bb8b2
[OK] ID 367 - 6b1be1896182fdea4e1b09097e60356399f62a78c258e6804c5a3bf2-b807-40f7-88a8-8c8108f8ed24
[OK] ID 368 - 4a1fcd459a4243de2ef34d65e66f90716aa7f7cb1f307e7eb95e3bb9-5717-45ee-ad92-74b05ce1063a
[OK] ID 369 - 66d1b7d0c7e5c986a0413e9199b4b98dcf1f98a09d79d48ef116c080-ea71-49ae-9949-f2e17170aafb
[OK] ID 370 - 3e6cf22003a1ca64e1b4ea840c54857fcd5a9868fdbcc6b91c8c4071-8096-4a90-b431-0b98622ec7f7
[OK] ID 371 - ca02423106833fb29cfc06d1963c302f5605ba6c4b6ecdde9687690f-2d47-4aa6-9e3b-1caa45ac3be7
[OK] ID 372 - e29954161755b91eb01d38444cef01f840b6ecb807031ec6c4f72188-d22f-4a0c-a3ca-968122e20b5d
[OK] ID 373 - a766516627977cc043b47e7ffefe58d7668243b10780954032fec125-8caa-459e-92b6-d0ba9264fe6b
[OK] ID 374 - 13b3714020e9941cc0481d5fe0d0c2d0507f8a7fbbe66260e4142d4b-af20-4438-86c4-a55fc3b96001
[OK] ID 375 - 3bf47c99673fac1a8a072951f69605a7dae8d3ee6aaeb934273a6d64-4bc4-44fa-a1e8-d9185e9e122e
[OK] ID 376 - 31372826a00b55e366c72921160d5cb09e8120523249e20c3b0114e2-7106-47f9-ba6e-4743f83e806a
[OK] ID 377 - 4e1b4a5381dda05f43d48573a136015d1980ccc1e31bc50e594108da-93d6-4217-ac17-96e33c7279ef
[OK] ID 378 - 85bcb263cb7aa6e1fc84910a70656ad6eca48550df44e2b4f6bfe415-fdb6-4809-9e17-e6c3dd9fd312
[OK] ID 379 - d3979cd0c17b0358705d28d9fa06ba840732fc010f0f4e3a1adc892f-4a72-4393-850c-3d86632d5cf8
[OK] ID 380 - 5aeaad8a8ea02d8573d51ab59a72f9534c82b2f55e493e24f0429496-ead0-40bb-91bd-bb393a138e78
[OK] ID 381 - 9434cefe0eef9a43510eab5bc08ed6164ea4bc975377e8c653cb6011-3a78-410e-97fc-6fbd48c85452
[OK] ID 382 - ff200688dbdf79037bf442352d42c7ef41dfb5f7871755eab60e7ba1-6be9-4d6f-a6b8-6ecd59e95ea5
[OK] ID 383 - c8feacbd614b76eeaf36b7616504697c8885f6a4f76d62f04c92e9fc-3512-478e-91fe-4c1ba8894c84
[OK] ID 384 - 39a349050217e082fad49910ee4dd11687a5264c2f00769ce7bd9aaa-f550-47c0-b3ad-49b8363e072e
[OK] ID 385 - 1689fa5f5aa7c20e4f2c025eb79bb6568060d26adbde113d2a93a909-d251-44bb-bf56-987a90c3c968
[OK] ID 386 - 397195a8bb5f90de4909c922ea29d6eb57fe1616a8b18cfe19e49df8-6f1e-4b73-91af-c4f5d935ae9e
[OK] ID 387 - 9e4072b786c83bf84d208638a8298bbd50da7cbd6f0e7bb21731a947-fdec-4bc6-8b56-8e3e3663ea67
[OK] ID 388 - 01c2f394273aebf9f1542e618c707be056c81590731b92b9214675a1-4651-494c-9c05-4aabd6d927a9
[OK] ID 389 - 205d2ae097e5705b0a21548115d44d5b9a0aae1a0b3d9f097304a637-b7fe-4664-b060-4258ea52de92
[OK] ID 390 - d5a9833045647c9f3c2073236617586e4c82985dded7bf58b2346b72-b089-416b-ba01-6b216eb43121
[OK] ID 391 - bf0bf60108233abbfab2e57ff7f051e641860c64fc255659c23109e3-8104-42ad-998d-8ea93d746fc4
[OK] ID 392 - 43a2b24570bdb3d3bd7d310d6200a565bbe6097fcd46108b9e6035e4-45c7-4e8d-b94e-e44e7f8eea8f
[OK] ID 393 - fce0c8b060584b98d610e2d9d1c10b77a10b2a5f2648d360bbd7ae69-1e17-433f-810e-89a6f7bf8e44
[OK] ID 394 - d8088393f18b14ebb9466bfb7ce4be0c981e2cc03f54492316a3a31a-dbc5-41bb-a096-69ddab0c8f63
[OK] ID 395 - edb49c567f29212e7eaa132dc5af68b97cb224bf380e50a610c782a0-220c-4211-9359-13e19ffd4a20
[OK] ID 396 - 6603a2dd22c03cff605a34b5e9f336002ff9654f67416bdb102934bf-6e31-42d3-8e3d-d23e7fe32eef
[OK] ID 397 - 33906e1acebe8a2cfb2b5f957eafb4a1d1dbdca4c3b5fcfc2269bbbb-fbe4-49cd-a693-e2f080ed9ce5
[OK] ID 398 - 5dcb2ff59666706fee6c58b262aafe47d30dd7078f60fc215d564376-935e-4fef-be6a-91dca97b338d
[OK] ID 399 - d8447d8217e1dad389120126aaa47b9e5ed23338ecf943fbcf80a45a-101c-41ee-a8ac-7091993cac72
[OK] ID 400 - 64d3f308c7ae04d58ef69792ad0ca5bdf582036342ab5774af3f9a86-b437-4460-804d-5b632562bea9
[OK] ID 401 - 27619a58afaf2ab3f60240d996f15c9ba2a618c2e01c8e35bf886498-0228-4833-91b3-12a277a57133
[OK] ID 402 - 99dba053f6a566a62af1e6dd0124bb8bd053acafc2654e04b91fda3b-ff9a-4a5e-9d30-df693d1f4765
[OK] ID 403 - 710f3caac853c076fc7c8549728df9787d7b82305342af1926cea7fd-ae01-474f-9348-5696ac99d65a
[OK] ID 404 - c21b317d589df2acba1047eeb827d3da53c7e2b9d8d03519b8c41670-72e3-4f26-928d-12b2f21c8f25
[OK] ID 405 - 38d395808f3b4110da8357b9342a5bcea6a69b37f8b5e646d25c338c-61da-4473-8a68-105ad798c0e5
[OK] ID 406 - 88a3840156ebfcfa58e6caaaae80694f792736ad03b4d2e5074aa60f-cc28-4fdf-9a26-9808b758d876
[OK] ID 407 - 82c7cce5a80120eae7741853daaddedf3b0d3955a3a07d94ccc5210f-f7f3-41d0-ad94-04756a803b00
[OK] ID 408 - 68c75bea573f621b388b554bc46ee19a8bca46b093ce711f721ad560-a984-40aa-b731-826560a12536
[OK] ID 409 - 7cfbebc9f23461cddc88164c6046b51dfeeaca40f9c60ebb818b0888-db54-4cd3-98b3-07984fa64b52
[OK] ID 410 - c355477a7ac0875e23d26fadcb55f905aed4b2e7b5628a69f8c39b79-255f-4c9f-9a00-0a9fa6f99a42
[OK] ID 411 - adac3f9dc9d1381e4ec62a86db9304763dad16dc3d8a42c26b78fc77-fd3a-498f-b3e6-6b482fcf4d82
[OK] ID 412 - b925bd29fa39d2fa25c9c4d5aa9ffa0b8c36d1cb48b856583189a6c3-150e-4bd4-9054-5ef0aeb9d3bf
[OK] ID 413 - f4a95c660f794a7b25a0a8f9f761c6313c20d0e15746b0615a549871-cd7f-4550-a33d-d58f44eceb60
[OK] ID 414 - 25f01000255ff96b55da58fc1b8dce84f7280262e5c45467f272d6d9-cf63-4cbc-b35f-d074dd0fd98c
[OK] ID 415 - cb3b6417ba19d9b84d3e5c8841c7539690d8a175cffe403ace691d71-acb6-479c-9af9-089df0d0dcaa
[OK] ID 416 - 5dc0fd01fb8aae44bad44e1570cf84c095af1d85b92001041cb8f60e-629e-47f7-9ba0-1d5daa872c70
[OK] ID 417 - a90970336df288c52ad176378789af96a73d8ab038f24d494ec7432d-ae81-4165-ab5c-95ddc22f9482
[OK] ID 418 - 4a4835a4ec4998433009624ea42ef095fbe32f165036a77f4cfea0a9-c9d4-45a3-95a8-1efefaa3d9da
[OK] ID 419 - 799cc498127eac03c167068f008b8631dbc3a53d511e0caca8eaaeed-a51f-46d0-aca4-7a3990a67c96
[OK] ID 420 - e9d37120dc84377f2e759b7365766b738df98c410b3f2d593edd22c1-2d89-43da-a9d0-1576db96367f
[OK] ID 421 - cfd65b962315f784762deca502ac8a3f8ffaed0d6ccfd487a19a4d44-3daf-4b8b-9d61-597904598629
[OK] ID 422 - b176e687ea49e00279245e4fbdeddabb4be20d3964ddfecad1990a40-0404-4a4d-8f9e-92b7acf5d799
[OK] ID 423 - 9fe89f5448c955bd824f81f505b1bc7bb8a44715ddfccaaa77649ff9-e075-4720-9562-6b8363f88877
[OK] ID 424 - 20bcaca96a3e61c96e8bb8915b5b9d18f51dde1333014a61b4e6e850-240c-495b-b635-24e54deb430c
[OK] ID 425 - 1c0c8709fb4ec8a5ff2bfc2bfe20b42d5949e2e3f75d1421d7a38ebd-9c94-43bb-b8e3-a9bf7755d0cb
[OK] ID 426 - bbfea38ab7bfd0a87366186f7c0b9aea7f78aa6cb6cf5cbb7bad4bb0-1e16-4d80-8b1d-5699b0e01c96
[OK] ID 427 - 79d751f3a8158f984deae7e9f3c10d0935d1e14904173f5ac21b9e6f-66be-4adf-b303-718e5b2c9cd8
[OK] ID 428 - 93f209a759d77c29b783209348f28abb0960c25d14c1675ce9664670-db5d-48e4-90b2-a127beaf0b07
[OK] ID 429 - 3710b76de2dff5da1cbbe81c55a2d85f0ae5ac617484208c652762a2-10af-4f71-9daa-94ccd0c7fa47
[OK] ID 430 - a03ffee6a7c2a5c15f57dcdf1fafa8e956b26c670842a815738a4156-be1f-447d-9b98-3fbe313f17a7
[OK] ID 431 - 9142f0e35ebb6bc2518a1a2ee7f5108b269ad7c94b1c5b2e3e32999a-8e22-45c4-bd64-ff286d445e40
[OK] ID 432 - 1ab520e6ff04dd1abbca09ee2f060985f1cbee007b9051f59c0d7ffc-9ae0-4cd3-b697-fee4a4dc78de
[OK] ID 433 - 786f302855f47f49f53c55f7c454e6f5f1d21b11de84d5b2f5893605-65a4-4bd8-ba6b-37db9a409e02
[OK] ID 434 - bdc28c1fcdf367beae0cbbf99845d0610cc37cbf9e8697798064a8e5-27db-4723-82cc-24b46b14ffad
[OK] ID 435 - af375db24219679dd4be1ef5ce4f3e8369f3bc498aa4dc2a67c00ce1-1199-45ee-b357-6a6317688eb0
[OK] ID 436 - 24b3a45d0ba32cf2c6eb58e7bdd701fcb272a434b596c28629ed056f-5641-4fb0-9e88-06061ac91ada
[OK] ID 437 - a4fbf8a3d426356887333e35ab8878ddcc00dd586e18493bfe3e08b2-a550-4f7b-bc4a-e1ea2590f4ab
